\BOOKMARK [0][-]{chapter.1}{\376\377\0001\000\040\000D\000a\000t\000a\000\040\000S\000t\000r\000u\000c\000t\000u\000r\000e\000\040\000I\000n\000d\000e\000x}{}% 1
\BOOKMARK [1][-]{section.1.1}{\376\377\0001\000.\0001\000\040\000D\000a\000t\000a\000\040\000S\000t\000r\000u\000c\000t\000u\000r\000e\000s}{chapter.1}% 2
\BOOKMARK [0][-]{chapter.2}{\376\377\0002\000\040\000F\000i\000l\000e\000\040\000I\000n\000d\000e\000x}{}% 3
\BOOKMARK [1][-]{section.2.1}{\376\377\0002\000.\0001\000\040\000F\000i\000l\000e\000\040\000L\000i\000s\000t}{chapter.2}% 4
\BOOKMARK [0][-]{chapter.3}{\376\377\0003\000\040\000D\000a\000t\000a\000\040\000S\000t\000r\000u\000c\000t\000u\000r\000e\000\040\000D\000o\000c\000u\000m\000e\000n\000t\000a\000t\000i\000o\000n}{}% 5
\BOOKMARK [1][-]{section.3.1}{\376\377\0003\000.\0001\000\040\000B\000U\000F\000F\000E\000R\000S\000\040\000S\000t\000r\000u\000c\000t\000\040\000R\000e\000f\000e\000r\000e\000n\000c\000e}{chapter.3}% 6
\BOOKMARK [2][-]{subsection.3.1.1}{\376\377\0003\000.\0001\000.\0001\000\040\000D\000e\000t\000a\000i\000l\000e\000d\000\040\000D\000e\000s\000c\000r\000i\000p\000t\000i\000o\000n}{section.3.1}% 7
\BOOKMARK [2][-]{subsection.3.1.2}{\376\377\0003\000.\0001\000.\0002\000\040\000F\000i\000e\000l\000d\000\040\000D\000o\000c\000u\000m\000e\000n\000t\000a\000t\000i\000o\000n}{section.3.1}% 8
\BOOKMARK [3][-]{subsubsection.3.1.2.1}{\376\377\0003\000.\0001\000.\0002\000.\0001\000\040\000b\000u\000f\000f\0001\000\137\000l}{subsection.3.1.2}% 9
\BOOKMARK [3][-]{subsubsection.3.1.2.2}{\376\377\0003\000.\0001\000.\0002\000.\0002\000\040\000b\000u\000f\000f\0001\000\137\000r}{subsection.3.1.2}% 10
\BOOKMARK [3][-]{subsubsection.3.1.2.3}{\376\377\0003\000.\0001\000.\0002\000.\0003\000\040\000b\000u\000f\000f\0002\000\137\000l}{subsection.3.1.2}% 11
\BOOKMARK [3][-]{subsubsection.3.1.2.4}{\376\377\0003\000.\0001\000.\0002\000.\0004\000\040\000b\000u\000f\000f\0002\000\137\000r}{subsection.3.1.2}% 12
\BOOKMARK [3][-]{subsubsection.3.1.2.5}{\376\377\0003\000.\0001\000.\0002\000.\0005\000\040\000c\000u\000r\000r\000e\000n\000t\000B\000u\000f\000f\000e\000r}{subsection.3.1.2}% 13
\BOOKMARK [3][-]{subsubsection.3.1.2.6}{\376\377\0003\000.\0001\000.\0002\000.\0006\000\040\000f\000l\000a\000g\000s}{subsection.3.1.2}% 14
\BOOKMARK [3][-]{subsubsection.3.1.2.7}{\376\377\0003\000.\0001\000.\0002\000.\0007\000\040\000l\000e\000n\000g\000t\000h\000B\000u\000f\000f\000e\000r}{subsection.3.1.2}% 15
\BOOKMARK [3][-]{subsubsection.3.1.2.8}{\376\377\0003\000.\0001\000.\0002\000.\0008\000\040\000s\000a\000m\000p\000l\000e\000R\000e\000a\000d\000e\000d}{subsection.3.1.2}% 16
\BOOKMARK [1][-]{section.3.2}{\376\377\0003\000.\0002\000\040\000f\000s\000m\000\137\000\040\000S\000t\000r\000u\000c\000t\000\040\000R\000e\000f\000e\000r\000e\000n\000c\000e}{chapter.3}% 17
\BOOKMARK [2][-]{subsection.3.2.1}{\376\377\0003\000.\0002\000.\0001\000\040\000D\000e\000t\000a\000i\000l\000e\000d\000\040\000D\000e\000s\000c\000r\000i\000p\000t\000i\000o\000n}{section.3.2}% 18
\BOOKMARK [2][-]{subsection.3.2.2}{\376\377\0003\000.\0002\000.\0002\000\040\000F\000i\000e\000l\000d\000\040\000D\000o\000c\000u\000m\000e\000n\000t\000a\000t\000i\000o\000n}{section.3.2}% 19
\BOOKMARK [3][-]{subsubsection.3.2.2.1}{\376\377\0003\000.\0002\000.\0002\000.\0001\000\040\000c\000u\000r\000r\000e\000n\000t\000\137\000s\000t\000a\000t\000e}{subsection.3.2.2}% 20
\BOOKMARK [3][-]{subsubsection.3.2.2.2}{\376\377\0003\000.\0002\000.\0002\000.\0002\000\040\000t\000t}{subsection.3.2.2}% 21
\BOOKMARK [3][-]{subsubsection.3.2.2.3}{\376\377\0003\000.\0002\000.\0002\000.\0003\000\040\000u\000s\000e\000r\000\137\000d\000a\000t\000a}{subsection.3.2.2}% 22
\BOOKMARK [1][-]{section.3.3}{\376\377\0003\000.\0003\000\040\000f\000s\000m\000\137\000a\000u\000d\000i\000o\000\137\000c\000o\000n\000t\000r\000o\000l\000l\000e\000r\000\040\000S\000t\000r\000u\000c\000t\000\040\000R\000e\000f\000e\000r\000e\000n\000c\000e}{chapter.3}% 23
\BOOKMARK [2][-]{subsection.3.3.1}{\376\377\0003\000.\0003\000.\0001\000\040\000D\000e\000t\000a\000i\000l\000e\000d\000\040\000D\000e\000s\000c\000r\000i\000p\000t\000i\000o\000n}{section.3.3}% 24
\BOOKMARK [2][-]{subsection.3.3.2}{\376\377\0003\000.\0003\000.\0002\000\040\000F\000i\000e\000l\000d\000\040\000D\000o\000c\000u\000m\000e\000n\000t\000a\000t\000i\000o\000n}{section.3.3}% 25
\BOOKMARK [3][-]{subsubsection.3.3.2.1}{\376\377\0003\000.\0003\000.\0002\000.\0001\000\040\000b\000u\000f\000f\000e\000r}{subsection.3.3.2}% 26
\BOOKMARK [3][-]{subsubsection.3.3.2.2}{\376\377\0003\000.\0003\000.\0002\000.\0002\000\040\000f\000s\000m}{subsection.3.3.2}% 27
\BOOKMARK [3][-]{subsubsection.3.3.2.3}{\376\377\0003\000.\0003\000.\0002\000.\0003\000\040\000t\000i\000p\000o\000\137\000s\000i\000s\000t\000e\000m\000a}{subsection.3.3.2}% 28
\BOOKMARK [1][-]{section.3.4}{\376\377\0003\000.\0004\000\040\000f\000s\000m\000\137\000t\000r\000a\000n\000s\000\137\000\040\000S\000t\000r\000u\000c\000t\000\040\000R\000e\000f\000e\000r\000e\000n\000c\000e}{chapter.3}% 29
\BOOKMARK [2][-]{subsection.3.4.1}{\376\377\0003\000.\0004\000.\0001\000\040\000D\000e\000t\000a\000i\000l\000e\000d\000\040\000D\000e\000s\000c\000r\000i\000p\000t\000i\000o\000n}{section.3.4}% 30
\BOOKMARK [2][-]{subsection.3.4.2}{\376\377\0003\000.\0004\000.\0002\000\040\000F\000i\000e\000l\000d\000\040\000D\000o\000c\000u\000m\000e\000n\000t\000a\000t\000i\000o\000n}{section.3.4}% 31
\BOOKMARK [3][-]{subsubsection.3.4.2.1}{\376\377\0003\000.\0004\000.\0002\000.\0001\000\040\000d\000e\000s\000t\000\137\000s\000t\000a\000t\000e}{subsection.3.4.2}% 32
\BOOKMARK [3][-]{subsubsection.3.4.2.2}{\376\377\0003\000.\0004\000.\0002\000.\0002\000\040\000i\000n}{subsection.3.4.2}% 33
\BOOKMARK [3][-]{subsubsection.3.4.2.3}{\376\377\0003\000.\0004\000.\0002\000.\0003\000\040\000o\000r\000i\000g\000\137\000s\000t\000a\000t\000e}{subsection.3.4.2}% 34
\BOOKMARK [3][-]{subsubsection.3.4.2.4}{\376\377\0003\000.\0004\000.\0002\000.\0004\000\040\000o\000u\000t}{subsection.3.4.2}% 35
\BOOKMARK [1][-]{section.3.5}{\376\377\0003\000.\0005\000\040\000I\000S\000R\000\137\000T\000y\000p\000\040\000S\000t\000r\000u\000c\000t\000\040\000R\000e\000f\000e\000r\000e\000n\000c\000e}{chapter.3}% 36
\BOOKMARK [2][-]{subsection.3.5.1}{\376\377\0003\000.\0005\000.\0001\000\040\000D\000e\000t\000a\000i\000l\000e\000d\000\040\000D\000e\000s\000c\000r\000i\000p\000t\000i\000o\000n}{section.3.5}% 37
\BOOKMARK [2][-]{subsection.3.5.2}{\376\377\0003\000.\0005\000.\0002\000\040\000F\000i\000e\000l\000d\000\040\000D\000o\000c\000u\000m\000e\000n\000t\000a\000t\000i\000o\000n}{section.3.5}% 38
\BOOKMARK [3][-]{subsubsection.3.5.2.1}{\376\377\0003\000.\0005\000.\0002\000.\0001\000\040\000c\000a\000l\000l\000b\000a\000c\000k}{subsection.3.5.2}% 39
\BOOKMARK [3][-]{subsubsection.3.5.2.2}{\376\377\0003\000.\0005\000.\0002\000.\0002\000\040\000e\000v\000e\000n\000t}{subsection.3.5.2}% 40
\BOOKMARK [3][-]{subsubsection.3.5.2.3}{\376\377\0003\000.\0005\000.\0002\000.\0003\000\040\000p\000i\000n}{subsection.3.5.2}% 41
\BOOKMARK [1][-]{section.3.6}{\376\377\0003\000.\0006\000\040\000l\000i\000s\000t\000\137\000f\000i\000l\000e\000s\000\040\000S\000t\000r\000u\000c\000t\000\040\000R\000e\000f\000e\000r\000e\000n\000c\000e}{chapter.3}% 42
\BOOKMARK [2][-]{subsection.3.6.1}{\376\377\0003\000.\0006\000.\0001\000\040\000D\000e\000t\000a\000i\000l\000e\000d\000\040\000D\000e\000s\000c\000r\000i\000p\000t\000i\000o\000n}{section.3.6}% 43
\BOOKMARK [2][-]{subsection.3.6.2}{\376\377\0003\000.\0006\000.\0002\000\040\000F\000i\000e\000l\000d\000\040\000D\000o\000c\000u\000m\000e\000n\000t\000a\000t\000i\000o\000n}{section.3.6}% 44
\BOOKMARK [3][-]{subsubsection.3.6.2.1}{\376\377\0003\000.\0006\000.\0002\000.\0001\000\040\000c\000u\000r\000r\000e\000n\000t\000\137\000f\000i\000l\000e}{subsection.3.6.2}% 45
\BOOKMARK [3][-]{subsubsection.3.6.2.2}{\376\377\0003\000.\0006\000.\0002\000.\0002\000\040\000n\000a\000m\000e\000\137\000f\000i\000l\000e}{subsection.3.6.2}% 46
\BOOKMARK [3][-]{subsubsection.3.6.2.3}{\376\377\0003\000.\0006\000.\0002\000.\0003\000\040\000n\000u\000m\000\137\000f\000i\000l\000e\000s}{subsection.3.6.2}% 47
\BOOKMARK [3][-]{subsubsection.3.6.2.4}{\376\377\0003\000.\0006\000.\0002\000.\0004\000\040\000s\000e\000l\000e\000c\000t\000\137\000f\000i\000l\000e}{subsection.3.6.2}% 48
\BOOKMARK [1][-]{section.3.7}{\376\377\0003\000.\0007\000\040\000T\000i\000p\000o\000S\000i\000s\000t\000e\000m\000a\000\040\000S\000t\000r\000u\000c\000t\000\040\000R\000e\000f\000e\000r\000e\000n\000c\000e}{chapter.3}% 49
\BOOKMARK [2][-]{subsection.3.7.1}{\376\377\0003\000.\0007\000.\0001\000\040\000D\000e\000t\000a\000i\000l\000e\000d\000\040\000D\000e\000s\000c\000r\000i\000p\000t\000i\000o\000n}{section.3.7}% 50
\BOOKMARK [0][-]{chapter.4}{\376\377\0004\000\040\000F\000i\000l\000e\000\040\000D\000o\000c\000u\000m\000e\000n\000t\000a\000t\000i\000o\000n}{}% 51
\BOOKMARK [1][-]{section.4.1}{\376\377\0004\000.\0001\000\040\000d\000b\000c\000o\000n\000t\000r\000o\000l\000l\000e\000r\000.\000c\000\040\000F\000i\000l\000e\000\040\000R\000e\000f\000e\000r\000e\000n\000c\000e}{chapter.4}% 52
\BOOKMARK [2][-]{subsection.4.1.1}{\376\377\0004\000.\0001\000.\0001\000\040\000M\000a\000c\000r\000o\000\040\000D\000e\000f\000i\000n\000i\000t\000i\000o\000n\000\040\000D\000o\000c\000u\000m\000e\000n\000t\000a\000t\000i\000o\000n}{section.4.1}% 53
\BOOKMARK [3][-]{subsubsection.4.1.1.1}{\376\377\0004\000.\0001\000.\0001\000.\0001\000\040\000S\000Q\000L\000\137\000Q\000U\000E\000R\000Y\000\137\000C\000H\000E\000C\000K\000\137\000D\000B}{subsection.4.1.1}% 54
\BOOKMARK [3][-]{subsubsection.4.1.1.2}{\376\377\0004\000.\0001\000.\0001\000.\0002\000\040\000S\000Q\000L\000\137\000Q\000U\000E\000R\000Y\000\137\000C\000R\000E\000A\000T\000E\000\137\000D\000B}{subsection.4.1.1}% 55
\BOOKMARK [3][-]{subsubsection.4.1.1.3}{\376\377\0004\000.\0001\000.\0001\000.\0003\000\040\000S\000Q\000L\000\137\000Q\000U\000E\000R\000Y\000\137\000G\000E\000T\000\137\000N\000U\000M\000B\000E\000R\000\137\000O\000F\000\137\000E\000L\000E\000M\000E\000N\000T\000S}{subsection.4.1.1}% 56
\BOOKMARK [3][-]{subsubsection.4.1.1.4}{\376\377\0004\000.\0001\000.\0001\000.\0004\000\040\000S\000Q\000L\000\137\000Q\000U\000E\000R\000Y\000\137\000I\000N\000S\000E\000R\000T\000\137\000D\000B}{subsection.4.1.1}% 57
\BOOKMARK [3][-]{subsubsection.4.1.1.5}{\376\377\0004\000.\0001\000.\0001\000.\0005\000\040\000S\000Q\000L\000\137\000Q\000U\000E\000R\000Y\000\137\000M\000A\000X\000\137\000S\000I\000Z\000E}{subsection.4.1.1}% 58
\BOOKMARK [3][-]{subsubsection.4.1.1.6}{\376\377\0004\000.\0001\000.\0001\000.\0006\000\040\000S\000Q\000L\000\137\000Q\000U\000E\000R\000Y\000\137\000S\000E\000L\000E\000C\000T\000\137\000D\000B}{subsection.4.1.1}% 59
\BOOKMARK [3][-]{subsubsection.4.1.1.7}{\376\377\0004\000.\0001\000.\0001\000.\0007\000\040\000S\000Q\000L\000\137\000T\000A\000B\000L\000E\000\137\000N\000A\000M\000E}{subsection.4.1.1}% 60
\BOOKMARK [2][-]{subsection.4.1.2}{\376\377\0004\000.\0001\000.\0002\000\040\000F\000u\000n\000c\000t\000i\000o\000n\000\040\000D\000o\000c\000u\000m\000e\000n\000t\000a\000t\000i\000o\000n}{section.4.1}% 61
\BOOKMARK [3][-]{subsubsection.4.1.2.1}{\376\377\0004\000.\0001\000.\0002\000.\0001\000\040\000d\000b\000\137\000c\000h\000e\000c\000k\000\050\000\051}{subsection.4.1.2}% 62
\BOOKMARK [3][-]{subsubsection.4.1.2.2}{\376\377\0004\000.\0001\000.\0002\000.\0002\000\040\000d\000b\000\137\000c\000l\000o\000s\000e\000\050\000\051}{subsection.4.1.2}% 63
\BOOKMARK [3][-]{subsubsection.4.1.2.3}{\376\377\0004\000.\0001\000.\0002\000.\0003\000\040\000d\000b\000\137\000c\000r\000e\000a\000t\000e\000\137\000t\000a\000b\000l\000e\000s\000\050\000\051}{subsection.4.1.2}% 64
\BOOKMARK [3][-]{subsubsection.4.1.2.4}{\376\377\0004\000.\0001\000.\0002\000.\0004\000\040\000d\000b\000\137\000f\000r\000e\000e\000\137\000s\000o\000n\000g\000\137\000n\000a\000m\000e\000\050\000\051}{subsection.4.1.2}% 65
\BOOKMARK [3][-]{subsubsection.4.1.2.5}{\376\377\0004\000.\0001\000.\0002\000.\0005\000\040\000d\000b\000\137\000g\000e\000t\000\137\000s\000o\000n\000g\000\137\000n\000a\000m\000e\000\050\000\051}{subsection.4.1.2}% 66
\BOOKMARK [3][-]{subsubsection.4.1.2.6}{\376\377\0004\000.\0001\000.\0002\000.\0006\000\040\000d\000b\000\137\000i\000n\000s\000e\000r\000t\000\050\000\051}{subsection.4.1.2}% 67
\BOOKMARK [3][-]{subsubsection.4.1.2.7}{\376\377\0004\000.\0001\000.\0002\000.\0007\000\040\000d\000b\000\137\000l\000o\000a\000d\000\050\000\051}{subsection.4.1.2}% 68
\BOOKMARK [1][-]{section.4.2}{\376\377\0004\000.\0002\000\040\000d\000b\000c\000o\000n\000t\000r\000o\000l\000l\000e\000r\000.\000h\000\040\000F\000i\000l\000e\000\040\000R\000e\000f\000e\000r\000e\000n\000c\000e}{chapter.4}% 69
\BOOKMARK [2][-]{subsection.4.2.1}{\376\377\0004\000.\0002\000.\0001\000\040\000E\000n\000u\000m\000e\000r\000a\000t\000i\000o\000n\000\040\000T\000y\000p\000e\000\040\000D\000o\000c\000u\000m\000e\000n\000t\000a\000t\000i\000o\000n}{section.4.2}% 70
\BOOKMARK [3][-]{subsubsection.4.2.1.1}{\376\377\0004\000.\0002\000.\0001\000.\0001\000\040\000S\000Q\000L\000\137\000R\000E\000S\000O\000L\000U\000T\000I\000O\000N}{subsection.4.2.1}% 71
\BOOKMARK [2][-]{subsection.4.2.2}{\376\377\0004\000.\0002\000.\0002\000\040\000F\000u\000n\000c\000t\000i\000o\000n\000\040\000D\000o\000c\000u\000m\000e\000n\000t\000a\000t\000i\000o\000n}{section.4.2}% 72
\BOOKMARK [3][-]{subsubsection.4.2.2.1}{\376\377\0004\000.\0002\000.\0002\000.\0001\000\040\000d\000b\000\137\000c\000h\000e\000c\000k\000\050\000\051}{subsection.4.2.2}% 73
\BOOKMARK [3][-]{subsubsection.4.2.2.2}{\376\377\0004\000.\0002\000.\0002\000.\0002\000\040\000d\000b\000\137\000c\000l\000o\000s\000e\000\050\000\051}{subsection.4.2.2}% 74
\BOOKMARK [3][-]{subsubsection.4.2.2.3}{\376\377\0004\000.\0002\000.\0002\000.\0003\000\040\000d\000b\000\137\000g\000e\000t\000\137\000s\000o\000n\000g\000\137\000n\000a\000m\000e\000\050\000\051}{subsection.4.2.2}% 75
\BOOKMARK [3][-]{subsubsection.4.2.2.4}{\376\377\0004\000.\0002\000.\0002\000.\0004\000\040\000d\000b\000\137\000i\000n\000s\000e\000r\000t\000\050\000\051}{subsection.4.2.2}% 76
\BOOKMARK [3][-]{subsubsection.4.2.2.5}{\376\377\0004\000.\0002\000.\0002\000.\0005\000\040\000d\000b\000\137\000l\000o\000a\000d\000\050\000\051}{subsection.4.2.2}% 77
\BOOKMARK [1][-]{section.4.3}{\376\377\0004\000.\0003\000\040\000d\000e\000f\000i\000n\000e\000s\000.\000h\000\040\000F\000i\000l\000e\000\040\000R\000e\000f\000e\000r\000e\000n\000c\000e}{chapter.4}% 78
\BOOKMARK [2][-]{subsection.4.3.1}{\376\377\0004\000.\0003\000.\0001\000\040\000M\000a\000c\000r\000o\000\040\000D\000e\000f\000i\000n\000i\000t\000i\000o\000n\000\040\000D\000o\000c\000u\000m\000e\000n\000t\000a\000t\000i\000o\000n}{section.4.3}% 79
\BOOKMARK [3][-]{subsubsection.4.3.1.1}{\376\377\0004\000.\0003\000.\0001\000.\0001\000\040\000b\000c\000m\000\137\000s\000p\000i}{subsection.4.3.1}% 80
\BOOKMARK [3][-]{subsubsection.4.3.1.2}{\376\377\0004\000.\0003\000.\0001\000.\0002\000\040\000C\000A\000N\000C\000I\000O\000N\000\137\000A\000C\000A\000B\000A\000D\000A}{subsection.4.3.1}% 81
\BOOKMARK [3][-]{subsubsection.4.3.1.3}{\376\377\0004\000.\0003\000.\0001\000.\0003\000\040\000C\000A\000N\000C\000I\000O\000N\000\137\000N\000O\000A\000C\000A\000B\000A\000D\000A}{subsection.4.3.1}% 82
\BOOKMARK [3][-]{subsubsection.4.3.1.4}{\376\377\0004\000.\0003\000.\0001\000.\0004\000\040\000P\000I\000N\000\137\000P\000W\000M}{subsection.4.3.1}% 83
\BOOKMARK [3][-]{subsubsection.4.3.1.5}{\376\377\0004\000.\0003\000.\0001\000.\0005\000\040\000u\000s\000e\000\137\000b\000c\000m}{subsection.4.3.1}% 84
\BOOKMARK [1][-]{section.4.4}{\376\377\0004\000.\0004\000\040\000f\000s\000m\000.\000c\000\040\000F\000i\000l\000e\000\040\000R\000e\000f\000e\000r\000e\000n\000c\000e}{chapter.4}% 85
\BOOKMARK [2][-]{subsection.4.4.1}{\376\377\0004\000.\0004\000.\0001\000\040\000F\000u\000n\000c\000t\000i\000o\000n\000\040\000D\000o\000c\000u\000m\000e\000n\000t\000a\000t\000i\000o\000n}{section.4.4}% 86
\BOOKMARK [3][-]{subsubsection.4.4.1.1}{\376\377\0004\000.\0004\000.\0001\000.\0001\000\040\000f\000s\000m\000\137\000d\000e\000l\000e\000t\000e\000\050\000\051}{subsection.4.4.1}% 87
\BOOKMARK [3][-]{subsubsection.4.4.1.2}{\376\377\0004\000.\0004\000.\0001\000.\0002\000\040\000f\000s\000m\000\137\000f\000i\000r\000e\000\050\000\051}{subsection.4.4.1}% 88
\BOOKMARK [3][-]{subsubsection.4.4.1.3}{\376\377\0004\000.\0004\000.\0001\000.\0003\000\040\000f\000s\000m\000\137\000n\000e\000w\000\050\000\051}{subsection.4.4.1}% 89
\BOOKMARK [1][-]{section.4.5}{\376\377\0004\000.\0005\000\040\000f\000s\000m\000.\000h\000\040\000F\000i\000l\000e\000\040\000R\000e\000f\000e\000r\000e\000n\000c\000e}{chapter.4}% 90
\BOOKMARK [2][-]{subsection.4.5.1}{\376\377\0004\000.\0005\000.\0001\000\040\000T\000y\000p\000e\000d\000e\000f\000\040\000D\000o\000c\000u\000m\000e\000n\000t\000a\000t\000i\000o\000n}{section.4.5}% 91
\BOOKMARK [3][-]{subsubsection.4.5.1.1}{\376\377\0004\000.\0005\000.\0001\000.\0001\000\040\000f\000s\000m\000\137\000i\000n\000p\000u\000t\000\137\000f\000u\000n\000c\000\137\000t}{subsection.4.5.1}% 92
\BOOKMARK [3][-]{subsubsection.4.5.1.2}{\376\377\0004\000.\0005\000.\0001\000.\0002\000\040\000f\000s\000m\000\137\000o\000u\000t\000p\000u\000t\000\137\000f\000u\000n\000c\000\137\000t}{subsection.4.5.1}% 93
\BOOKMARK [3][-]{subsubsection.4.5.1.3}{\376\377\0004\000.\0005\000.\0001\000.\0003\000\040\000f\000s\000m\000\137\000t}{subsection.4.5.1}% 94
\BOOKMARK [3][-]{subsubsection.4.5.1.4}{\376\377\0004\000.\0005\000.\0001\000.\0004\000\040\000f\000s\000m\000\137\000t\000r\000a\000n\000s\000\137\000t}{subsection.4.5.1}% 95
\BOOKMARK [2][-]{subsection.4.5.2}{\376\377\0004\000.\0005\000.\0002\000\040\000F\000u\000n\000c\000t\000i\000o\000n\000\040\000D\000o\000c\000u\000m\000e\000n\000t\000a\000t\000i\000o\000n}{section.4.5}% 96
\BOOKMARK [3][-]{subsubsection.4.5.2.1}{\376\377\0004\000.\0005\000.\0002\000.\0001\000\040\000f\000s\000m\000\137\000d\000e\000l\000e\000t\000e\000\050\000\051}{subsection.4.5.2}% 97
\BOOKMARK [3][-]{subsubsection.4.5.2.2}{\376\377\0004\000.\0005\000.\0002\000.\0002\000\040\000f\000s\000m\000\137\000f\000i\000r\000e\000\050\000\051}{subsection.4.5.2}% 98
\BOOKMARK [3][-]{subsubsection.4.5.2.3}{\376\377\0004\000.\0005\000.\0002\000.\0003\000\040\000f\000s\000m\000\137\000n\000e\000w\000\050\000\051}{subsection.4.5.2}% 99
\BOOKMARK [1][-]{section.4.6}{\376\377\0004\000.\0006\000\040\000f\000s\000m\000\137\000r\000f\000i\000d\000.\000c\000\040\000F\000i\000l\000e\000\040\000R\000e\000f\000e\000r\000e\000n\000c\000e}{chapter.4}% 100
\BOOKMARK [2][-]{subsection.4.6.1}{\376\377\0004\000.\0006\000.\0001\000\040\000M\000a\000c\000r\000o\000\040\000D\000e\000f\000i\000n\000i\000t\000i\000o\000n\000\040\000D\000o\000c\000u\000m\000e\000n\000t\000a\000t\000i\000o\000n}{section.4.6}% 101
\BOOKMARK [3][-]{subsubsection.4.6.1.1}{\376\377\0004\000.\0006\000.\0001\000.\0001\000\040\000D\000B\000\137\000N\000A\000M\000E}{subsection.4.6.1}% 102
\BOOKMARK [3][-]{subsubsection.4.6.1.2}{\376\377\0004\000.\0006\000.\0001\000.\0002\000\040\000P\000I\000N\000\137\000A}{subsection.4.6.1}% 103
\BOOKMARK [3][-]{subsubsection.4.6.1.3}{\376\377\0004\000.\0006\000.\0001\000.\0003\000\040\000P\000I\000N\000\137\000B}{subsection.4.6.1}% 104
\BOOKMARK [3][-]{subsubsection.4.6.1.4}{\376\377\0004\000.\0006\000.\0001\000.\0004\000\040\000P\000I\000N\000\137\000C}{subsection.4.6.1}% 105
\BOOKMARK [2][-]{subsection.4.6.2}{\376\377\0004\000.\0006\000.\0002\000\040\000F\000u\000n\000c\000t\000i\000o\000n\000\040\000D\000o\000c\000u\000m\000e\000n\000t\000a\000t\000i\000o\000n}{section.4.6}% 106
\BOOKMARK [3][-]{subsubsection.4.6.2.1}{\376\377\0004\000.\0006\000.\0002\000.\0001\000\040\000B\000u\000s\000c\000a\000T\000a\000r\000j\000e\000t\000a\000\050\000\051}{subsection.4.6.2}% 107
\BOOKMARK [3][-]{subsubsection.4.6.2.2}{\376\377\0004\000.\0006\000.\0002\000.\0002\000\040\000C\000a\000n\000c\000e\000l\000a\000R\000e\000p\000r\000o\000d\000u\000c\000c\000i\000o\000n\000\050\000\051}{subsection.4.6.2}% 108
\BOOKMARK [3][-]{subsubsection.4.6.2.3}{\376\377\0004\000.\0006\000.\0002\000.\0003\000\040\000c\000l\000e\000a\000n\000\137\000l\000i\000s\000t\000\137\000f\000i\000l\000e\000s\000\050\000\051}{subsection.4.6.2}% 109
\BOOKMARK [3][-]{subsubsection.4.6.2.4}{\376\377\0004\000.\0006\000.\0002\000.\0004\000\040\000C\000o\000m\000i\000e\000n\000z\000a\000R\000e\000p\000r\000o\000d\000u\000c\000c\000i\000o\000n\000\050\000\051}{subsection.4.6.2}% 110
\BOOKMARK [3][-]{subsubsection.4.6.2.5}{\376\377\0004\000.\0006\000.\0002\000.\0005\000\040\000C\000o\000m\000i\000e\000n\000z\000a\000S\000i\000s\000t\000e\000m\000a\000\050\000\051}{subsection.4.6.2}% 111
\BOOKMARK [3][-]{subsubsection.4.6.2.6}{\376\377\0004\000.\0006\000.\0002\000.\0006\000\040\000C\000o\000m\000p\000r\000u\000e\000b\000a\000C\000o\000m\000i\000e\000n\000z\000o\000\050\000\051}{subsection.4.6.2}% 112
\BOOKMARK [3][-]{subsubsection.4.6.2.7}{\376\377\0004\000.\0006\000.\0002\000.\0007\000\040\000C\000o\000m\000p\000r\000u\000e\000b\000a\000F\000i\000n\000a\000l\000R\000e\000p\000r\000o\000d\000u\000c\000c\000i\000o\000n\000\050\000\051}{subsection.4.6.2}% 113
\BOOKMARK [3][-]{subsubsection.4.6.2.8}{\376\377\0004\000.\0006\000.\0002\000.\0008\000\040\000C\000o\000m\000p\000r\000u\000e\000b\000a\000T\000a\000r\000j\000e\000t\000a\000\050\000\051}{subsection.4.6.2}% 114
\BOOKMARK [3][-]{subsubsection.4.6.2.9}{\376\377\0004\000.\0006\000.\0002\000.\0009\000\040\000C\000o\000n\000f\000i\000g\000u\000r\000a\000c\000i\000o\000n\000C\000o\000r\000r\000e\000c\000t\000a\000\050\000\051}{subsection.4.6.2}% 115
\BOOKMARK [3][-]{subsubsection.4.6.2.10}{\376\377\0004\000.\0006\000.\0002\000.\0001\0000\000\040\000C\000o\000n\000f\000i\000g\000u\000r\000a\000T\000a\000r\000j\000e\000t\000a\000\050\000\051}{subsection.4.6.2}% 116
\BOOKMARK [3][-]{subsubsection.4.6.2.11}{\376\377\0004\000.\0006\000.\0002\000.\0001\0001\000\040\000D\000e\000s\000c\000a\000r\000t\000a\000T\000a\000r\000j\000e\000t\000a\000\050\000\051}{subsection.4.6.2}% 117
\BOOKMARK [3][-]{subsubsection.4.6.2.12}{\376\377\0004\000.\0006\000.\0002\000.\0001\0002\000\040\000E\000s\000p\000e\000r\000a\000T\000a\000r\000g\000e\000t\000a\000\050\000\051}{subsection.4.6.2}% 118
\BOOKMARK [3][-]{subsubsection.4.6.2.13}{\376\377\0004\000.\0006\000.\0002\000.\0001\0003\000\040\000F\000i\000n\000a\000l\000i\000z\000a\000R\000e\000p\000r\000o\000d\000u\000c\000c\000i\000o\000n\000\050\000\051}{subsection.4.6.2}% 119
\BOOKMARK [3][-]{subsubsection.4.6.2.14}{\376\377\0004\000.\0006\000.\0002\000.\0001\0004\000\040\000g\000e\000t\000\137\000l\000a\000s\000t\000\137\000f\000i\000l\000e\000\050\000\051}{subsection.4.6.2}% 120
\BOOKMARK [3][-]{subsubsection.4.6.2.15}{\376\377\0004\000.\0006\000.\0002\000.\0001\0005\000\040\000g\000e\000t\000\137\000l\000i\000s\000t\000\137\000f\000i\000l\000e\000s\000\050\000\051}{subsection.4.6.2}% 121
\BOOKMARK [3][-]{subsubsection.4.6.2.16}{\376\377\0004\000.\0006\000.\0002\000.\0001\0006\000\040\000g\000e\000t\000\137\000n\000e\000x\000t\000\137\000f\000i\000l\000e\000\050\000\051}{subsection.4.6.2}% 122
\BOOKMARK [3][-]{subsubsection.4.6.2.17}{\376\377\0004\000.\0006\000.\0002\000.\0001\0007\000\040\000g\000e\000t\000\137\000n\000u\000m\000b\000e\000r\000\137\000f\000i\000l\000e\000s\000\050\000\051}{subsection.4.6.2}% 123
\BOOKMARK [3][-]{subsubsection.4.6.2.18}{\376\377\0004\000.\0006\000.\0002\000.\0001\0008\000\040\000I\000S\000R\000\050\000\051}{subsection.4.6.2}% 124
\BOOKMARK [3][-]{subsubsection.4.6.2.19}{\376\377\0004\000.\0006\000.\0002\000.\0001\0009\000\040\000k\000i\000l\000l\000R\000F\000I\000D\000\050\000\051}{subsection.4.6.2}% 125
\BOOKMARK [3][-]{subsubsection.4.6.2.20}{\376\377\0004\000.\0006\000.\0002\000.\0002\0000\000\040\000l\000a\000u\000n\000c\000h\000R\000F\000I\000D\000\050\000\051}{subsection.4.6.2}% 126
\BOOKMARK [3][-]{subsubsection.4.6.2.21}{\376\377\0004\000.\0006\000.\0002\000.\0002\0001\000\040\000L\000e\000e\000r\000T\000a\000r\000j\000e\000t\000a\000\050\000\051}{subsection.4.6.2}% 127
\BOOKMARK [3][-]{subsubsection.4.6.2.22}{\376\377\0004\000.\0006\000.\0002\000.\0002\0002\000\040\000l\000p\000\050\000\051}{subsection.4.6.2}% 128
\BOOKMARK [3][-]{subsubsection.4.6.2.23}{\376\377\0004\000.\0006\000.\0002\000.\0002\0003\000\040\000m\000e\000n\000u\000\137\000d\000i\000s\000p\000l\000a\000y\000\137\000s\000t\000e\000p\000p\000e\000r\000\137\000p\000l\000u\000s\000\050\000\051}{subsection.4.6.2}% 129
\BOOKMARK [3][-]{subsubsection.4.6.2.24}{\376\377\0004\000.\0006\000.\0002\000.\0002\0004\000\040\000n\000e\000w\000\137\000l\000i\000s\000t\000\137\000f\000i\000l\000e\000s\000\050\000\051}{subsection.4.6.2}% 130
\BOOKMARK [3][-]{subsubsection.4.6.2.25}{\376\377\0004\000.\0006\000.\0002\000.\0002\0005\000\040\000s\000e\000l\000e\000c\000t\000\137\000m\000o\000d\000e\000\050\000\051}{subsection.4.6.2}% 131
\BOOKMARK [3][-]{subsubsection.4.6.2.26}{\376\377\0004\000.\0006\000.\0002\000.\0002\0006\000\040\000T\000a\000r\000j\000e\000t\000a\000D\000i\000s\000p\000o\000n\000i\000b\000l\000e\000\050\000\051}{subsection.4.6.2}% 132
\BOOKMARK [3][-]{subsubsection.4.6.2.27}{\376\377\0004\000.\0006\000.\0002\000.\0002\0007\000\040\000T\000a\000r\000j\000e\000t\000a\000N\000o\000D\000i\000s\000p\000o\000n\000i\000b\000l\000e\000\050\000\051}{subsection.4.6.2}% 133
\BOOKMARK [3][-]{subsubsection.4.6.2.28}{\376\377\0004\000.\0006\000.\0002\000.\0002\0008\000\040\000T\000a\000r\000j\000e\000t\000a\000N\000o\000V\000a\000l\000i\000d\000a\000\050\000\051}{subsection.4.6.2}% 134
\BOOKMARK [3][-]{subsubsection.4.6.2.29}{\376\377\0004\000.\0006\000.\0002\000.\0002\0009\000\040\000T\000a\000r\000j\000e\000t\000a\000V\000a\000l\000i\000d\000a\000\050\000\051}{subsection.4.6.2}% 135
\BOOKMARK [3][-]{subsubsection.4.6.2.30}{\376\377\0004\000.\0006\000.\0002\000.\0003\0000\000\040\000U\000U\000I\000D\000\137\0002\000\137\000i\000n\000t\000\050\000\051}{subsection.4.6.2}% 136
\BOOKMARK [2][-]{subsection.4.6.3}{\376\377\0004\000.\0006\000.\0003\000\040\000V\000a\000r\000i\000a\000b\000l\000e\000\040\000D\000o\000c\000u\000m\000e\000n\000t\000a\000t\000i\000o\000n}{section.4.6}% 137
\BOOKMARK [3][-]{subsubsection.4.6.3.1}{\376\377\0004\000.\0006\000.\0003\000.\0001\000\040\000m\000a\000q\000u\000i\000n\000a\000\137\000c\000r\000e\000a\000d\000a}{subsection.4.6.3}% 138
\BOOKMARK [3][-]{subsubsection.4.6.3.2}{\376\377\0004\000.\0006\000.\0003\000.\0002\000\040\000s\000e\000q\000A}{subsection.4.6.3}% 139
\BOOKMARK [3][-]{subsubsection.4.6.3.3}{\376\377\0004\000.\0006\000.\0003\000.\0003\000\040\000s\000e\000q\000B}{subsection.4.6.3}% 140
\BOOKMARK [3][-]{subsubsection.4.6.3.4}{\376\377\0004\000.\0006\000.\0003\000.\0004\000\040\000t\000r\000a\000n\000s\000i\000t\000i\000o\000n\000\137\000t\000a\000b\000l\000e\000\137\000r\000f\000i\000d}{subsection.4.6.3}% 141
\BOOKMARK [3][-]{subsubsection.4.6.3.5}{\376\377\0004\000.\0006\000.\0003\000.\0005\000\040\000U\000U\000I\000D}{subsection.4.6.3}% 142
\BOOKMARK [1][-]{section.4.7}{\376\377\0004\000.\0007\000\040\000f\000s\000m\000\137\000r\000f\000i\000d\000.\000h\000\040\000F\000i\000l\000e\000\040\000R\000e\000f\000e\000r\000e\000n\000c\000e}{chapter.4}% 143
\BOOKMARK [2][-]{subsection.4.7.1}{\376\377\0004\000.\0007\000.\0001\000\040\000T\000y\000p\000e\000d\000e\000f\000\040\000D\000o\000c\000u\000m\000e\000n\000t\000a\000t\000i\000o\000n}{section.4.7}% 144
\BOOKMARK [3][-]{subsubsection.4.7.1.1}{\376\377\0004\000.\0007\000.\0001\000.\0001\000\040\000l\000i\000s\000t\000\137\000f\000i\000l\000e\000s\000\137\000t}{subsection.4.7.1}% 145
\BOOKMARK [2][-]{subsection.4.7.2}{\376\377\0004\000.\0007\000.\0002\000\040\000E\000n\000u\000m\000e\000r\000a\000t\000i\000o\000n\000\040\000T\000y\000p\000e\000\040\000D\000o\000c\000u\000m\000e\000n\000t\000a\000t\000i\000o\000n}{section.4.7}% 146
\BOOKMARK [3][-]{subsubsection.4.7.2.1}{\376\377\0004\000.\0007\000.\0002\000.\0001\000\040\000f\000l\000a\000g\000s\000\137\000r\000f\000i\000d}{subsection.4.7.2}% 147
\BOOKMARK [3][-]{subsubsection.4.7.2.2}{\376\377\0004\000.\0007\000.\0002\000.\0002\000\040\000r\000f\000i\000d\000\137\000s\000t\000a\000t\000e\000s}{subsection.4.7.2}% 148
\BOOKMARK [2][-]{subsection.4.7.3}{\376\377\0004\000.\0007\000.\0003\000\040\000F\000u\000n\000c\000t\000i\000o\000n\000\040\000D\000o\000c\000u\000m\000e\000n\000t\000a\000t\000i\000o\000n}{section.4.7}% 149
\BOOKMARK [3][-]{subsubsection.4.7.3.1}{\376\377\0004\000.\0007\000.\0003\000.\0001\000\040\000C\000a\000n\000c\000e\000l\000a\000R\000e\000p\000r\000o\000d\000u\000c\000c\000i\000o\000n\000\050\000\051}{subsection.4.7.3}% 150
\BOOKMARK [3][-]{subsubsection.4.7.3.2}{\376\377\0004\000.\0007\000.\0003\000.\0002\000\040\000C\000o\000m\000i\000e\000n\000z\000a\000R\000e\000p\000r\000o\000d\000u\000c\000c\000i\000o\000n\000\050\000\051}{subsection.4.7.3}% 151
\BOOKMARK [3][-]{subsubsection.4.7.3.3}{\376\377\0004\000.\0007\000.\0003\000.\0003\000\040\000C\000o\000m\000i\000e\000n\000z\000a\000S\000i\000s\000t\000e\000m\000a\000\050\000\051}{subsection.4.7.3}% 152
\BOOKMARK [3][-]{subsubsection.4.7.3.4}{\376\377\0004\000.\0007\000.\0003\000.\0004\000\040\000C\000o\000m\000p\000r\000u\000e\000b\000a\000C\000o\000m\000i\000e\000n\000z\000o\000\050\000\051}{subsection.4.7.3}% 153
\BOOKMARK [3][-]{subsubsection.4.7.3.5}{\376\377\0004\000.\0007\000.\0003\000.\0005\000\040\000C\000o\000m\000p\000r\000u\000e\000b\000a\000F\000i\000n\000a\000l\000R\000e\000p\000r\000o\000d\000u\000c\000c\000i\000o\000n\000\050\000\051}{subsection.4.7.3}% 154
\BOOKMARK [3][-]{subsubsection.4.7.3.6}{\376\377\0004\000.\0007\000.\0003\000.\0006\000\040\000C\000o\000m\000p\000r\000u\000e\000b\000a\000T\000a\000r\000j\000e\000t\000a\000\050\000\051}{subsection.4.7.3}% 155
\BOOKMARK [3][-]{subsubsection.4.7.3.7}{\376\377\0004\000.\0007\000.\0003\000.\0007\000\040\000D\000e\000s\000c\000a\000r\000t\000a\000T\000a\000r\000j\000e\000t\000a\000\050\000\051}{subsection.4.7.3}% 156
\BOOKMARK [3][-]{subsubsection.4.7.3.8}{\376\377\0004\000.\0007\000.\0003\000.\0008\000\040\000E\000s\000p\000e\000r\000a\000T\000a\000r\000g\000e\000t\000a\000\050\000\051}{subsection.4.7.3}% 157
\BOOKMARK [3][-]{subsubsection.4.7.3.9}{\376\377\0004\000.\0007\000.\0003\000.\0009\000\040\000F\000i\000n\000a\000l\000i\000z\000a\000R\000e\000p\000r\000o\000d\000u\000c\000c\000i\000o\000n\000\050\000\051}{subsection.4.7.3}% 158
\BOOKMARK [3][-]{subsubsection.4.7.3.10}{\376\377\0004\000.\0007\000.\0003\000.\0001\0000\000\040\000l\000a\000u\000n\000c\000h\000R\000F\000I\000D\000\050\000\051}{subsection.4.7.3}% 159
\BOOKMARK [3][-]{subsubsection.4.7.3.11}{\376\377\0004\000.\0007\000.\0003\000.\0001\0001\000\040\000L\000e\000e\000r\000T\000a\000r\000j\000e\000t\000a\000\050\000\051}{subsection.4.7.3}% 160
\BOOKMARK [3][-]{subsubsection.4.7.3.12}{\376\377\0004\000.\0007\000.\0003\000.\0001\0002\000\040\000T\000a\000r\000j\000e\000t\000a\000D\000i\000s\000p\000o\000n\000i\000b\000l\000e\000\050\000\051}{subsection.4.7.3}% 161
\BOOKMARK [3][-]{subsubsection.4.7.3.13}{\376\377\0004\000.\0007\000.\0003\000.\0001\0003\000\040\000T\000a\000r\000j\000e\000t\000a\000N\000o\000D\000i\000s\000p\000o\000n\000i\000b\000l\000e\000\050\000\051}{subsection.4.7.3}% 162
\BOOKMARK [3][-]{subsubsection.4.7.3.14}{\376\377\0004\000.\0007\000.\0003\000.\0001\0004\000\040\000T\000a\000r\000j\000e\000t\000a\000N\000o\000V\000a\000l\000i\000d\000a\000\050\000\051}{subsection.4.7.3}% 163
\BOOKMARK [3][-]{subsubsection.4.7.3.15}{\376\377\0004\000.\0007\000.\0003\000.\0001\0005\000\040\000T\000a\000r\000j\000e\000t\000a\000V\000a\000l\000i\000d\000a\000\050\000\051}{subsection.4.7.3}% 164
\BOOKMARK [2][-]{subsection.4.7.4}{\376\377\0004\000.\0007\000.\0004\000\040\000V\000a\000r\000i\000a\000b\000l\000e\000\040\000D\000o\000c\000u\000m\000e\000n\000t\000a\000t\000i\000o\000n}{section.4.7}% 165
\BOOKMARK [3][-]{subsubsection.4.7.4.1}{\376\377\0004\000.\0007\000.\0004\000.\0001\000\040\000f\000s\000m\000\137\000r\000f\000i\000d}{subsection.4.7.4}% 166
\BOOKMARK [3][-]{subsubsection.4.7.4.2}{\376\377\0004\000.\0007\000.\0004\000.\0002\000\040\000t\000h\000r\000e\000a\000d}{subsection.4.7.4}% 167
\BOOKMARK [3][-]{subsubsection.4.7.4.3}{\376\377\0004\000.\0007\000.\0004\000.\0003\000\040\000U\000U\000I\000D}{subsection.4.7.4}% 168
\BOOKMARK [1][-]{section.4.8}{\376\377\0004\000.\0008\000\040\000I\000n\000t\000e\000r\000r\000u\000p\000t\000S\000M\000.\000c\000\040\000F\000i\000l\000e\000\040\000R\000e\000f\000e\000r\000e\000n\000c\000e}{chapter.4}% 169
\BOOKMARK [2][-]{subsection.4.8.1}{\376\377\0004\000.\0008\000.\0001\000\040\000M\000a\000c\000r\000o\000\040\000D\000e\000f\000i\000n\000i\000t\000i\000o\000n\000\040\000D\000o\000c\000u\000m\000e\000n\000t\000a\000t\000i\000o\000n}{section.4.8}% 170
\BOOKMARK [3][-]{subsubsection.4.8.1.1}{\376\377\0004\000.\0008\000.\0001\000.\0001\000\040\000T\000H\000R\000E\000S\000H\000O\000L\000D\000\137\000H\000I\000G\000H}{subsection.4.8.1}% 171
\BOOKMARK [3][-]{subsubsection.4.8.1.2}{\376\377\0004\000.\0008\000.\0001\000.\0002\000\040\000T\000H\000R\000E\000S\000H\000O\000L\000D\000\137\000L\000O\000W}{subsection.4.8.1}% 172
\BOOKMARK [2][-]{subsection.4.8.2}{\376\377\0004\000.\0008\000.\0002\000\040\000F\000u\000n\000c\000t\000i\000o\000n\000\040\000D\000o\000c\000u\000m\000e\000n\000t\000a\000t\000i\000o\000n}{section.4.8}% 173
\BOOKMARK [3][-]{subsubsection.4.8.2.1}{\376\377\0004\000.\0008\000.\0002\000.\0001\000\040\000a\000t\000t\000a\000c\000h\000I\000s\000r\000\050\000\051}{subsection.4.8.2}% 174
\BOOKMARK [3][-]{subsubsection.4.8.2.2}{\376\377\0004\000.\0008\000.\0002\000.\0002\000\040\000d\000e\000l\000e\000t\000e\000I\000s\000r\000\050\000\051}{subsection.4.8.2}% 175
\BOOKMARK [3][-]{subsubsection.4.8.2.3}{\376\377\0004\000.\0008\000.\0002\000.\0003\000\040\000l\000o\000o\000p\000\050\000\051}{subsection.4.8.2}% 176
\BOOKMARK [1][-]{section.4.9}{\376\377\0004\000.\0009\000\040\000I\000n\000t\000e\000r\000r\000u\000p\000t\000S\000M\000.\000h\000\040\000F\000i\000l\000e\000\040\000R\000e\000f\000e\000r\000e\000n\000c\000e}{chapter.4}% 177
\BOOKMARK [2][-]{subsection.4.9.1}{\376\377\0004\000.\0009\000.\0001\000\040\000T\000y\000p\000e\000d\000e\000f\000\040\000D\000o\000c\000u\000m\000e\000n\000t\000a\000t\000i\000o\000n}{section.4.9}% 178
\BOOKMARK [3][-]{subsubsection.4.9.1.1}{\376\377\0004\000.\0009\000.\0001\000.\0001\000\040\000c\000a\000l\000l\000\137\000b\000a\000c\000k}{subsection.4.9.1}% 179
\BOOKMARK [3][-]{subsubsection.4.9.1.2}{\376\377\0004\000.\0009\000.\0001\000.\0002\000\040\000I\000S\000R\000\137\000T\000y\000p\000\137}{subsection.4.9.1}% 180
\BOOKMARK [2][-]{subsection.4.9.2}{\376\377\0004\000.\0009\000.\0002\000\040\000E\000n\000u\000m\000e\000r\000a\000t\000i\000o\000n\000\040\000T\000y\000p\000e\000\040\000D\000o\000c\000u\000m\000e\000n\000t\000a\000t\000i\000o\000n}{section.4.9}% 181
\BOOKMARK [3][-]{subsubsection.4.9.2.1}{\376\377\0004\000.\0009\000.\0002\000.\0001\000\040\000e\000v\000e\000n\000t}{subsection.4.9.2}% 182
\BOOKMARK [2][-]{subsection.4.9.3}{\376\377\0004\000.\0009\000.\0003\000\040\000F\000u\000n\000c\000t\000i\000o\000n\000\040\000D\000o\000c\000u\000m\000e\000n\000t\000a\000t\000i\000o\000n}{section.4.9}% 183
\BOOKMARK [3][-]{subsubsection.4.9.3.1}{\376\377\0004\000.\0009\000.\0003\000.\0001\000\040\000a\000t\000t\000a\000c\000h\000I\000s\000r\000\050\000\051}{subsection.4.9.3}% 184
\BOOKMARK [3][-]{subsubsection.4.9.3.2}{\376\377\0004\000.\0009\000.\0003\000.\0002\000\040\000d\000e\000l\000e\000t\000e\000I\000s\000r\000\050\000\051}{subsection.4.9.3}% 185
\BOOKMARK [2][-]{subsection.4.9.4}{\376\377\0004\000.\0009\000.\0004\000\040\000V\000a\000r\000i\000a\000b\000l\000e\000\040\000D\000o\000c\000u\000m\000e\000n\000t\000a\000t\000i\000o\000n}{section.4.9}% 186
\BOOKMARK [3][-]{subsubsection.4.9.4.1}{\376\377\0004\000.\0009\000.\0004\000.\0001\000\040\000a\000t\000a\000c\000h\000P\000i\000n}{subsection.4.9.4}% 187
\BOOKMARK [3][-]{subsubsection.4.9.4.2}{\376\377\0004\000.\0009\000.\0004\000.\0002\000\040\000t\000h\000r\000e\000a\000d\000s}{subsection.4.9.4}% 188
\BOOKMARK [1][-]{section.4.10}{\376\377\0004\000.\0001\0000\000\040\000m\000u\000t\000e\000x\000.\000c\000\040\000F\000i\000l\000e\000\040\000R\000e\000f\000e\000r\000e\000n\000c\000e}{chapter.4}% 189
\BOOKMARK [2][-]{subsection.4.10.1}{\376\377\0004\000.\0001\0000\000.\0001\000\040\000F\000u\000n\000c\000t\000i\000o\000n\000\040\000D\000o\000c\000u\000m\000e\000n\000t\000a\000t\000i\000o\000n}{section.4.10}% 190
\BOOKMARK [3][-]{subsubsection.4.10.1.1}{\376\377\0004\000.\0001\0000\000.\0001\000.\0001\000\040\000l\000o\000c\000k\000\050\000\051}{subsection.4.10.1}% 191
\BOOKMARK [3][-]{subsubsection.4.10.1.2}{\376\377\0004\000.\0001\0000\000.\0001\000.\0002\000\040\000u\000n\000l\000o\000c\000k\000\050\000\051}{subsection.4.10.1}% 192
\BOOKMARK [1][-]{section.4.11}{\376\377\0004\000.\0001\0001\000\040\000m\000u\000t\000e\000x\000.\000h\000\040\000F\000i\000l\000e\000\040\000R\000e\000f\000e\000r\000e\000n\000c\000e}{chapter.4}% 193
\BOOKMARK [2][-]{subsection.4.11.1}{\376\377\0004\000.\0001\0001\000.\0001\000\040\000F\000u\000n\000c\000t\000i\000o\000n\000\040\000D\000o\000c\000u\000m\000e\000n\000t\000a\000t\000i\000o\000n}{section.4.11}% 194
\BOOKMARK [3][-]{subsubsection.4.11.1.1}{\376\377\0004\000.\0001\0001\000.\0001\000.\0001\000\040\000l\000o\000c\000k\000\050\000\051}{subsection.4.11.1}% 195
\BOOKMARK [3][-]{subsubsection.4.11.1.2}{\376\377\0004\000.\0001\0001\000.\0001\000.\0002\000\040\000u\000n\000l\000o\000c\000k\000\050\000\051}{subsection.4.11.1}% 196
\BOOKMARK [1][-]{section.4.12}{\376\377\0004\000.\0001\0002\000\040\000p\000i\000M\000u\000s\000i\000c\000B\000o\000x\000\137\0002\000.\000c\000\040\000F\000i\000l\000e\000\040\000R\000e\000f\000e\000r\000e\000n\000c\000e}{chapter.4}% 197
\BOOKMARK [2][-]{subsection.4.12.1}{\376\377\0004\000.\0001\0002\000.\0001\000\040\000F\000u\000n\000c\000t\000i\000o\000n\000\040\000D\000o\000c\000u\000m\000e\000n\000t\000a\000t\000i\000o\000n}{section.4.12}% 198
\BOOKMARK [3][-]{subsubsection.4.12.1.1}{\376\377\0004\000.\0001\0002\000.\0001\000.\0001\000\040\000c\000a\000l\000l\000b\000a\000c\000k\000\050\000\051}{subsection.4.12.1}% 199
\BOOKMARK [3][-]{subsubsection.4.12.1.2}{\376\377\0004\000.\0001\0002\000.\0001\000.\0002\000\040\000m\000a\000i\000n\000\050\000\051}{subsection.4.12.1}% 200
\BOOKMARK [2][-]{subsection.4.12.2}{\376\377\0004\000.\0001\0002\000.\0002\000\040\000V\000a\000r\000i\000a\000b\000l\000e\000\040\000D\000o\000c\000u\000m\000e\000n\000t\000a\000t\000i\000o\000n}{section.4.12}% 201
\BOOKMARK [3][-]{subsubsection.4.12.2.1}{\376\377\0004\000.\0001\0002\000.\0002\000.\0001\000\040\000k}{subsection.4.12.2}% 202
\BOOKMARK [1][-]{section.4.13}{\376\377\0004\000.\0001\0003\000\040\000p\000i\000M\000u\000s\000i\000c\000B\000o\000x\000\137\0002\000.\000h\000\040\000F\000i\000l\000e\000\040\000R\000e\000f\000e\000r\000e\000n\000c\000e}{chapter.4}% 203
\BOOKMARK [1][-]{section.4.14}{\376\377\0004\000.\0001\0004\000\040\000p\000l\000a\000y\000e\000r\000.\000c\000\040\000F\000i\000l\000e\000\040\000R\000e\000f\000e\000r\000e\000n\000c\000e}{chapter.4}% 204
\BOOKMARK [2][-]{subsection.4.14.1}{\376\377\0004\000.\0001\0004\000.\0001\000\040\000F\000u\000n\000c\000t\000i\000o\000n\000\040\000D\000o\000c\000u\000m\000e\000n\000t\000a\000t\000i\000o\000n}{section.4.14}% 205
\BOOKMARK [3][-]{subsubsection.4.14.1.1}{\376\377\0004\000.\0001\0004\000.\0001\000.\0001\000\040\000c\000a\000r\000g\000a\000\137\000b\000f\000f\0001\000\050\000\051}{subsection.4.14.1}% 206
\BOOKMARK [3][-]{subsubsection.4.14.1.2}{\376\377\0004\000.\0001\0004\000.\0001\000.\0002\000\040\000c\000a\000r\000g\000a\000\137\000b\000f\000f\0002\000\050\000\051}{subsection.4.14.1}% 207
\BOOKMARK [3][-]{subsubsection.4.14.1.3}{\376\377\0004\000.\0001\0004\000.\0001\000.\0003\000\040\000F\000i\000n\000a\000l\000\137\000M\000e\000l\000o\000d\000i\000a\000\050\000\051}{subsection.4.14.1}% 208
\BOOKMARK [3][-]{subsubsection.4.14.1.4}{\376\377\0004\000.\0001\0004\000.\0001\000.\0004\000\040\000f\000u\000n\000c\000\050\000\051}{subsection.4.14.1}% 209
\BOOKMARK [3][-]{subsubsection.4.14.1.5}{\376\377\0004\000.\0001\0004\000.\0001\000.\0005\000\040\000I\000n\000i\000c\000i\000l\000i\000z\000a\000\137\000p\000l\000a\000y\000e\000r\000\050\000\051}{subsection.4.14.1}% 210
\BOOKMARK [3][-]{subsubsection.4.14.1.6}{\376\377\0004\000.\0001\0004\000.\0001\000.\0006\000\040\000l\000a\000u\000n\000c\000h\000P\000l\000a\000y\000e\000r\000\050\000\051}{subsection.4.14.1}% 211
\BOOKMARK [3][-]{subsubsection.4.14.1.7}{\376\377\0004\000.\0001\0004\000.\0001\000.\0007\000\040\000n\000e\000w\000\137\000b\000u\000f\000f\000e\000r\000\050\000\051}{subsection.4.14.1}% 212
\BOOKMARK [3][-]{subsubsection.4.14.1.8}{\376\377\0004\000.\0001\0004\000.\0001\000.\0008\000\040\000o\000u\000t\000p\000u\000t\000\050\000\051}{subsection.4.14.1}% 213
\BOOKMARK [2][-]{subsection.4.14.2}{\376\377\0004\000.\0001\0004\000.\0002\000\040\000V\000a\000r\000i\000a\000b\000l\000e\000\040\000D\000o\000c\000u\000m\000e\000n\000t\000a\000t\000i\000o\000n}{section.4.14}% 214
\BOOKMARK [3][-]{subsubsection.4.14.2.1}{\376\377\0004\000.\0001\0004\000.\0002\000.\0001\000\040\000e\000r\000r}{subsection.4.14.2}% 215
\BOOKMARK [3][-]{subsubsection.4.14.2.2}{\376\377\0004\000.\0001\0004\000.\0002\000.\0002\000\040\000f\000p}{subsection.4.14.2}% 216
\BOOKMARK [3][-]{subsubsection.4.14.2.3}{\376\377\0004\000.\0001\0004\000.\0002\000.\0003\000\040\000m\000a\000d\000\137\000f\000r\000a\000m\000e}{subsection.4.14.2}% 217
\BOOKMARK [3][-]{subsubsection.4.14.2.4}{\376\377\0004\000.\0001\0004\000.\0002\000.\0004\000\040\000m\000a\000d\000\137\000s\000t\000r\000e\000a\000m}{subsection.4.14.2}% 218
\BOOKMARK [3][-]{subsubsection.4.14.2.5}{\376\377\0004\000.\0001\0004\000.\0002\000.\0005\000\040\000m\000a\000d\000\137\000s\000y\000n\000t\000h}{subsection.4.14.2}% 219
\BOOKMARK [3][-]{subsubsection.4.14.2.6}{\376\377\0004\000.\0001\0004\000.\0002\000.\0006\000\040\000o\000u\000t\000p\000u\000t\000P\000a\000r\000a\000m\000e\000t\000e\000r\000s}{subsection.4.14.2}% 220
\BOOKMARK [3][-]{subsubsection.4.14.2.7}{\376\377\0004\000.\0001\0004\000.\0002\000.\0007\000\040\000s\000t\000r\000e\000a\000m}{subsection.4.14.2}% 221
\BOOKMARK [3][-]{subsubsection.4.14.2.8}{\376\377\0004\000.\0001\0004\000.\0002\000.\0008\000\040\000t\000r\000a\000n\000s\000i\000t\000i\000o\000n\000\137\000t\000a\000b\000l\000e\000\137\000p\000l\000a\000y\000e\000r}{subsection.4.14.2}% 222
\BOOKMARK [1][-]{section.4.15}{\376\377\0004\000.\0001\0005\000\040\000p\000l\000a\000y\000e\000r\000.\000h\000\040\000F\000i\000l\000e\000\040\000R\000e\000f\000e\000r\000e\000n\000c\000e}{chapter.4}% 223
\BOOKMARK [2][-]{subsection.4.15.1}{\376\377\0004\000.\0001\0005\000.\0001\000\040\000M\000a\000c\000r\000o\000\040\000D\000e\000f\000i\000n\000i\000t\000i\000o\000n\000\040\000D\000o\000c\000u\000m\000e\000n\000t\000a\000t\000i\000o\000n}{section.4.15}% 224
\BOOKMARK [3][-]{subsubsection.4.15.1.1}{\376\377\0004\000.\0001\0005\000.\0001\000.\0001\000\040\000F\000R\000A\000M\000E\000S\000\137\000P\000E\000R\000\137\000B\000U\000F\000F\000E\000R}{subsection.4.15.1}% 225
\BOOKMARK [3][-]{subsubsection.4.15.1.2}{\376\377\0004\000.\0001\0005\000.\0001\000.\0002\000\040\000S\000A\000M\000P\000L\000E\000\137\000R\000A\000T\000E}{subsection.4.15.1}% 226
\BOOKMARK [2][-]{subsection.4.15.2}{\376\377\0004\000.\0001\0005\000.\0002\000\040\000T\000y\000p\000e\000d\000e\000f\000\040\000D\000o\000c\000u\000m\000e\000n\000t\000a\000t\000i\000o\000n}{section.4.15}% 227
\BOOKMARK [3][-]{subsubsection.4.15.2.1}{\376\377\0004\000.\0001\0005\000.\0002\000.\0001\000\040\000B\000U\000F\000F\000E\000R\000S\000\137\000T}{subsection.4.15.2}% 228
\BOOKMARK [3][-]{subsubsection.4.15.2.2}{\376\377\0004\000.\0001\0005\000.\0002\000.\0002\000\040\000f\000s\000m\000\137\000a\000u\000d\000i\000o\000\137\000c\000o\000n\000t\000r\000o\000l\000l\000e\000r\000\137\000t}{subsection.4.15.2}% 229
\BOOKMARK [2][-]{subsection.4.15.3}{\376\377\0004\000.\0001\0005\000.\0003\000\040\000E\000n\000u\000m\000e\000r\000a\000t\000i\000o\000n\000\040\000T\000y\000p\000e\000\040\000D\000o\000c\000u\000m\000e\000n\000t\000a\000t\000i\000o\000n}{section.4.15}% 230
\BOOKMARK [3][-]{subsubsection.4.15.3.1}{\376\377\0004\000.\0001\0005\000.\0003\000.\0001\000\040\000f\000s\000m\000\137\000s\000t\000a\000t\000e\000s}{subsection.4.15.3}% 231
\BOOKMARK [2][-]{subsection.4.15.4}{\376\377\0004\000.\0001\0005\000.\0004\000\040\000F\000u\000n\000c\000t\000i\000o\000n\000\040\000D\000o\000c\000u\000m\000e\000n\000t\000a\000t\000i\000o\000n}{section.4.15}% 232
\BOOKMARK [3][-]{subsubsection.4.15.4.1}{\376\377\0004\000.\0001\0005\000.\0004\000.\0001\000\040\000l\000a\000u\000n\000c\000h\000P\000l\000a\000y\000e\000r\000\050\000\051}{subsection.4.15.4}% 233
\BOOKMARK [1][-]{section.4.16}{\376\377\0004\000.\0001\0006\000\040\000t\000i\000p\000o\000s\000.\000h\000\040\000F\000i\000l\000e\000\040\000R\000e\000f\000e\000r\000e\000n\000c\000e}{chapter.4}% 234
\BOOKMARK [2][-]{subsection.4.16.1}{\376\377\0004\000.\0001\0006\000.\0001\000\040\000M\000a\000c\000r\000o\000\040\000D\000e\000f\000i\000n\000i\000t\000i\000o\000n\000\040\000D\000o\000c\000u\000m\000e\000n\000t\000a\000t\000i\000o\000n}{section.4.16}% 235
\BOOKMARK [3][-]{subsubsection.4.16.1.1}{\376\377\0004\000.\0001\0006\000.\0001\000.\0001\000\040\000F\000L\000A\000G\000\137\000B\000F\000F\0001\000\137\000E\000N\000D}{subsection.4.16.1}% 236
\BOOKMARK [3][-]{subsubsection.4.16.1.2}{\376\377\0004\000.\0001\0006\000.\0001\000.\0002\000\040\000F\000L\000A\000G\000\137\000B\000F\000F\0002\000\137\000E\000N\000D}{subsection.4.16.1}% 237
\BOOKMARK [3][-]{subsubsection.4.16.1.3}{\376\377\0004\000.\0001\0006\000.\0001\000.\0003\000\040\000F\000L\000A\000G\000\137\000E\000N\000D}{subsection.4.16.1}% 238
\BOOKMARK [3][-]{subsubsection.4.16.1.4}{\376\377\0004\000.\0001\0006\000.\0001\000.\0004\000\040\000F\000L\000A\000G\000\137\000I\000R\000Q\000\137\000S\000T\000E\000P\000P\000E\000R\000\137\000C\000O\000N\000T\000I\000N\000U\000E}{subsection.4.16.1}% 239
\BOOKMARK [3][-]{subsubsection.4.16.1.5}{\376\377\0004\000.\0001\0006\000.\0001\000.\0005\000\040\000F\000L\000A\000G\000\137\000I\000R\000Q\000\137\000S\000T\000E\000P\000P\000E\000R\000\137\000D\000I\000R}{subsection.4.16.1}% 240
\BOOKMARK [3][-]{subsubsection.4.16.1.6}{\376\377\0004\000.\0001\0006\000.\0001\000.\0006\000\040\000F\000L\000A\000G\000\137\000I\000R\000Q\000\137\000S\000T\000E\000P\000P\000E\000R\000\137\000S\000E\000L\000E\000C\000T}{subsection.4.16.1}% 241
\BOOKMARK [3][-]{subsubsection.4.16.1.7}{\376\377\0004\000.\0001\0006\000.\0001\000.\0007\000\040\000F\000L\000A\000G\000\137\000N\000O\000T\000A\000\137\000T\000I\000M\000E\000O\000U\000T}{subsection.4.16.1}% 242
\BOOKMARK [3][-]{subsubsection.4.16.1.8}{\376\377\0004\000.\0001\0006\000.\0001\000.\0008\000\040\000F\000L\000A\000G\000\137\000P\000L\000A\000Y\000E\000R\000\137\000E\000N\000D}{subsection.4.16.1}% 243
\BOOKMARK [3][-]{subsubsection.4.16.1.9}{\376\377\0004\000.\0001\0006\000.\0001\000.\0009\000\040\000F\000L\000A\000G\000\137\000P\000L\000A\000Y\000E\000R\000\137\000S\000T\000A\000R\000T}{subsection.4.16.1}% 244
\BOOKMARK [3][-]{subsubsection.4.16.1.10}{\376\377\0004\000.\0001\0006\000.\0001\000.\0001\0000\000\040\000F\000L\000A\000G\000\137\000P\000L\000A\000Y\000E\000R\000\137\000S\000T\000O\000P}{subsection.4.16.1}% 245
\BOOKMARK [3][-]{subsubsection.4.16.1.11}{\376\377\0004\000.\0001\0006\000.\0001\000.\0001\0001\000\040\000F\000L\000A\000G\000\137\000Q\000U\000I\000T}{subsection.4.16.1}% 246
\BOOKMARK [3][-]{subsubsection.4.16.1.12}{\376\377\0004\000.\0001\0006\000.\0001\000.\0001\0002\000\040\000F\000L\000A\000G\000\137\000S\000T\000A\000R\000T}{subsection.4.16.1}% 247
\BOOKMARK [2][-]{subsection.4.16.2}{\376\377\0004\000.\0001\0006\000.\0002\000\040\000V\000a\000r\000i\000a\000b\000l\000e\000\040\000D\000o\000c\000u\000m\000e\000n\000t\000a\000t\000i\000o\000n}{section.4.16}% 248
\BOOKMARK [3][-]{subsubsection.4.16.2.1}{\376\377\0004\000.\0001\0006\000.\0002\000.\0001\000\040\000f\000l\000a\000g\000\137\000f\000s\000m}{subsection.4.16.2}% 249
\BOOKMARK [3][-]{subsubsection.4.16.2.2}{\376\377\0004\000.\0001\0006\000.\0002\000.\0002\000\040\000f\000l\000a\000g\000\137\000r\000f\000i\000d}{subsection.4.16.2}% 250
\BOOKMARK [3][-]{subsubsection.4.16.2.3}{\376\377\0004\000.\0001\0006\000.\0002\000.\0003\000\040\000f\000l\000a\000g\000s\000\137\000p\000l\000a\000y\000e\000r}{subsection.4.16.2}% 251
\BOOKMARK [3][-]{subsubsection.4.16.2.4}{\376\377\0004\000.\0001\0006\000.\0002\000.\0004\000\040\000n\000u\000m\000\137\000f\000i\000l\000e}{subsection.4.16.2}% 252
\BOOKMARK [3][-]{subsubsection.4.16.2.5}{\376\377\0004\000.\0001\0006\000.\0002\000.\0005\000\040\000s\000o\000n\000g\000\137\000n\000a\000m\000e}{subsection.4.16.2}% 253
\BOOKMARK [3][-]{subsubsection.4.16.2.6}{\376\377\0004\000.\0001\0006\000.\0002\000.\0006\000\040\000s\000t\000e\000p\000p\000e\000r\000\137\000i\000r\000q\000\137\000f\000l\000a\000g}{subsection.4.16.2}% 254
\BOOKMARK [1][-]{section.4.17}{\376\377\0004\000.\0001\0007\000\040\000t\000o\000n\000e\000.\000c\000\040\000F\000i\000l\000e\000\040\000R\000e\000f\000e\000r\000e\000n\000c\000e}{chapter.4}% 255
\BOOKMARK [2][-]{subsection.4.17.1}{\376\377\0004\000.\0001\0007\000.\0001\000\040\000F\000u\000n\000c\000t\000i\000o\000n\000\040\000D\000o\000c\000u\000m\000e\000n\000t\000a\000t\000i\000o\000n}{section.4.17}% 256
\BOOKMARK [3][-]{subsubsection.4.17.1.1}{\376\377\0004\000.\0001\0007\000.\0001\000.\0001\000\040\000t\000o\000g\000g\000l\000e\000\050\000\051}{subsection.4.17.1}% 257
\BOOKMARK [3][-]{subsubsection.4.17.1.2}{\376\377\0004\000.\0001\0007\000.\0001\000.\0002\000\040\000t\000o\000n\000e\000\137\000i\000n\000i\000t\000\050\000\051}{subsection.4.17.1}% 258
\BOOKMARK [3][-]{subsubsection.4.17.1.3}{\376\377\0004\000.\0001\0007\000.\0001\000.\0003\000\040\000t\000o\000n\000e\000\137\000s\000t\000o\000p\000\050\000\051}{subsection.4.17.1}% 259
\BOOKMARK [3][-]{subsubsection.4.17.1.4}{\376\377\0004\000.\0001\0007\000.\0001\000.\0004\000\040\000t\000o\000n\000e\000\137\000w\000r\000i\000t\000e\000\050\000\051}{subsection.4.17.1}% 260
\BOOKMARK [2][-]{subsection.4.17.2}{\376\377\0004\000.\0001\0007\000.\0002\000\040\000V\000a\000r\000i\000a\000b\000l\000e\000\040\000D\000o\000c\000u\000m\000e\000n\000t\000a\000t\000i\000o\000n}{section.4.17}% 261
\BOOKMARK [3][-]{subsubsection.4.17.2.1}{\376\377\0004\000.\0001\0007\000.\0002\000.\0001\000\040\000P\000I\000N}{subsection.4.17.2}% 262
\BOOKMARK [1][-]{section.4.18}{\376\377\0004\000.\0001\0008\000\040\000t\000o\000n\000e\000.\000h\000\040\000F\000i\000l\000e\000\040\000R\000e\000f\000e\000r\000e\000n\000c\000e}{chapter.4}% 263
\BOOKMARK [2][-]{subsection.4.18.1}{\376\377\0004\000.\0001\0008\000.\0001\000\040\000F\000u\000n\000c\000t\000i\000o\000n\000\040\000D\000o\000c\000u\000m\000e\000n\000t\000a\000t\000i\000o\000n}{section.4.18}% 264
\BOOKMARK [3][-]{subsubsection.4.18.1.1}{\376\377\0004\000.\0001\0008\000.\0001\000.\0001\000\040\000t\000o\000n\000e\000\137\000i\000n\000i\000t\000\050\000\051}{subsection.4.18.1}% 265
\BOOKMARK [3][-]{subsubsection.4.18.1.2}{\376\377\0004\000.\0001\0008\000.\0001\000.\0002\000\040\000t\000o\000n\000e\000\137\000s\000t\000o\000p\000\050\000\051}{subsection.4.18.1}% 266
\BOOKMARK [3][-]{subsubsection.4.18.1.3}{\376\377\0004\000.\0001\0008\000.\0001\000.\0003\000\040\000t\000o\000n\000e\000\137\000w\000r\000i\000t\000e\000\050\000\051}{subsection.4.18.1}% 267
\BOOKMARK [0][-]{section*.49}{\376\377\000I\000n\000d\000e\000x}{}% 268
